

        GET -- / -- Mozilla/5.0 (Windows NT 6.1; Win64; x64) AppleWebKit/537.36 (KHTML, like Gecko) Chrome/76.0.3809.100 Safari/537.36 -- Fri Aug 16 2019 10:09:45 GMT+0800 (GMT+08:00)
    

        GET -- /favicon.ico -- Mozilla/5.0 (Windows NT 6.1; Win64; x64) AppleWebKit/537.36 (KHTML, like Gecko) Chrome/76.0.3809.100 Safari/537.36 -- Fri Aug 16 2019 10:09:45 GMT+0800 (GMT+08:00)
    

        GET -- /api/blog/list -- Mozilla/5.0 (Windows NT 6.1; Win64; x64) AppleWebKit/537.36 (KHTML, like Gecko) Chrome/76.0.3809.100 Safari/537.36 -- Fri Aug 16 2019 10:21:44 GMT+0800 (GMT+08:00)
    

        GET -- /api/blog/list -- Mozilla/5.0 (Windows NT 6.1; Win64; x64) AppleWebKit/537.36 (KHTML, like Gecko) Chrome/76.0.3809.100 Safari/537.36 -- Fri Aug 16 2019 10:22:07 GMT+0800 (GMT+08:00)
    

        GET -- /api/blog/list -- Mozilla/5.0 (Windows NT 6.1; Win64; x64) AppleWebKit/537.36 (KHTML, like Gecko) Chrome/76.0.3809.100 Safari/537.36 -- Fri Aug 16 2019 10:22:09 GMT+0800 (GMT+08:00)
    

        GET -- /api/blog/list -- Mozilla/5.0 (Windows NT 6.1; Win64; x64) AppleWebKit/537.36 (KHTML, like Gecko) Chrome/76.0.3809.100 Safari/537.36 -- Fri Aug 16 2019 10:22:09 GMT+0800 (GMT+08:00)
    

        GET -- /api/blog/list -- Mozilla/5.0 (Windows NT 6.1; Win64; x64) AppleWebKit/537.36 (KHTML, like Gecko) Chrome/76.0.3809.100 Safari/537.36 -- Fri Aug 16 2019 10:22:09 GMT+0800 (GMT+08:00)
    

        GET -- /api/blog/list -- Mozilla/5.0 (Windows NT 6.1; Win64; x64) AppleWebKit/537.36 (KHTML, like Gecko) Chrome/76.0.3809.100 Safari/537.36 -- Fri Aug 16 2019 10:22:09 GMT+0800 (GMT+08:00)
    

        GET -- /api/blog/list -- Mozilla/5.0 (Windows NT 6.1; Win64; x64) AppleWebKit/537.36 (KHTML, like Gecko) Chrome/76.0.3809.100 Safari/537.36 -- Fri Aug 16 2019 10:22:10 GMT+0800 (GMT+08:00)
    

        GET -- /api/blog/list -- Mozilla/5.0 (Windows NT 6.1; Win64; x64) AppleWebKit/537.36 (KHTML, like Gecko) Chrome/76.0.3809.100 Safari/537.36 -- Fri Aug 16 2019 10:22:10 GMT+0800 (GMT+08:00)
    

        GET -- /api/blog/list -- Mozilla/5.0 (Windows NT 6.1; Win64; x64) AppleWebKit/537.36 (KHTML, like Gecko) Chrome/76.0.3809.100 Safari/537.36 -- Fri Aug 16 2019 10:22:10 GMT+0800 (GMT+08:00)
    

        GET -- /api/blog/list -- Mozilla/5.0 (Windows NT 6.1; Win64; x64) AppleWebKit/537.36 (KHTML, like Gecko) Chrome/76.0.3809.100 Safari/537.36 -- Fri Aug 16 2019 10:22:10 GMT+0800 (GMT+08:00)
    

        GET -- /login.html -- Mozilla/5.0 (Windows NT 6.1; Win64; x64) AppleWebKit/537.36 (KHTML, like Gecko) Chrome/76.0.3809.100 Safari/537.36 -- Fri Aug 16 2019 11:54:00 GMT+0800 (GMT+08:00)
    

        POST -- /api/user/login -- Mozilla/5.0 (Windows NT 6.1; Win64; x64) AppleWebKit/537.36 (KHTML, like Gecko) Chrome/76.0.3809.100 Safari/537.36 -- Fri Aug 16 2019 11:54:12 GMT+0800 (GMT+08:00)
    

        GET -- /api/blog/list?isadmin=1 -- Mozilla/5.0 (Windows NT 6.1; Win64; x64) AppleWebKit/537.36 (KHTML, like Gecko) Chrome/76.0.3809.100 Safari/537.36 -- Fri Aug 16 2019 11:54:12 GMT+0800 (GMT+08:00)
    

        POST -- /api/user/login -- Mozilla/5.0 (Windows NT 6.1; Win64; x64) AppleWebKit/537.36 (KHTML, like Gecko) Chrome/76.0.3809.100 Safari/537.36 -- Fri Aug 16 2019 14:52:55 GMT+0800 (GMT+08:00)
    

        GET -- /api/blog/list?isadmin=1 -- Mozilla/5.0 (Windows NT 6.1; Win64; x64) AppleWebKit/537.36 (KHTML, like Gecko) Chrome/76.0.3809.100 Safari/537.36 -- Fri Aug 16 2019 14:52:55 GMT+0800 (GMT+08:00)
    

        POST -- /api/blog/new -- Mozilla/5.0 (Windows NT 6.1; Win64; x64) AppleWebKit/537.36 (KHTML, like Gecko) Chrome/76.0.3809.100 Safari/537.36 -- Fri Aug 16 2019 15:30:01 GMT+0800 (GMT+08:00)
    

        GET -- /api/blog/list?isadmin=1 -- Mozilla/5.0 (Windows NT 6.1; Win64; x64) AppleWebKit/537.36 (KHTML, like Gecko) Chrome/76.0.3809.100 Safari/537.36 -- Fri Aug 16 2019 15:30:03 GMT+0800 (GMT+08:00)
    

        GET -- /api/blog/detail?id=9 -- Mozilla/5.0 (Windows NT 6.1; Win64; x64) AppleWebKit/537.36 (KHTML, like Gecko) Chrome/76.0.3809.100 Safari/537.36 -- Fri Aug 16 2019 15:30:54 GMT+0800 (GMT+08:00)
    

        POST -- /api/user/login -- Mozilla/5.0 (Windows NT 6.1; Win64; x64) AppleWebKit/537.36 (KHTML, like Gecko) Chrome/76.0.3809.100 Safari/537.36 -- Fri Aug 16 2019 15:49:25 GMT+0800 (GMT+08:00)
    

        GET -- /api/blog/list?isadmin=1 -- Mozilla/5.0 (Windows NT 6.1; Win64; x64) AppleWebKit/537.36 (KHTML, like Gecko) Chrome/76.0.3809.100 Safari/537.36 -- Fri Aug 16 2019 15:49:25 GMT+0800 (GMT+08:00)
    

        POST -- /api/blog/new -- Mozilla/5.0 (Windows NT 6.1; Win64; x64) AppleWebKit/537.36 (KHTML, like Gecko) Chrome/76.0.3809.100 Safari/537.36 -- Fri Aug 16 2019 15:50:44 GMT+0800 (GMT+08:00)
    

        POST -- /api/blog/new -- Mozilla/5.0 (Windows NT 6.1; Win64; x64) AppleWebKit/537.36 (KHTML, like Gecko) Chrome/76.0.3809.100 Safari/537.36 -- Fri Aug 16 2019 15:50:53 GMT+0800 (GMT+08:00)
    

        POST -- /api/blog/new -- Mozilla/5.0 (Windows NT 6.1; Win64; x64) AppleWebKit/537.36 (KHTML, like Gecko) Chrome/76.0.3809.100 Safari/537.36 -- Fri Aug 16 2019 15:55:21 GMT+0800 (GMT+08:00)
    

        GET -- /api/blog/list?isadmin=1 -- Mozilla/5.0 (Windows NT 6.1; Win64; x64) AppleWebKit/537.36 (KHTML, like Gecko) Chrome/76.0.3809.100 Safari/537.36 -- Fri Aug 16 2019 15:55:22 GMT+0800 (GMT+08:00)
    

        POST -- /api/blog/del?id=9 -- Mozilla/5.0 (Windows NT 6.1; Win64; x64) AppleWebKit/537.36 (KHTML, like Gecko) Chrome/76.0.3809.100 Safari/537.36 -- Fri Aug 16 2019 15:57:42 GMT+0800 (GMT+08:00)
    

        GET -- /api/blog/list?isadmin=1 -- Mozilla/5.0 (Windows NT 6.1; Win64; x64) AppleWebKit/537.36 (KHTML, like Gecko) Chrome/76.0.3809.100 Safari/537.36 -- Fri Aug 16 2019 15:57:42 GMT+0800 (GMT+08:00)
    
